{"/Users/andeladeveloper/Code/Vue/testing-vue-apps/src/App.vue": {"path":"/Users/andeladeveloper/Code/Vue/testing-vue-apps/src/App.vue","statementMap":{"0":{"start":{"line":25,"column":0},"end":{"line":null,"column":-1}},"1":{"start":{"line":30,"column":0},"end":{"line":null,"column":-1}},"2":{"start":{"line":33,"column":0},"end":{"line":null,"column":-1}},"3":{"start":{"line":42,"column":0},"end":{"line":null,"column":-1}},"4":{"start":{"line":42,"column":0},"end":{"line":44,"column":0}},"5":{"start":{"line":44,"column":0},"end":{"line":null,"column":-1}},"6":{"start":{"line":48,"column":0},"end":{"line":null,"column":-1}},"7":{"start":{"line":50,"column":0},"end":{"line":null,"column":-1}},"8":{"start":{"line":54,"column":0},"end":{"line":null,"column":-1}},"9":{"start":{"line":57,"column":0},"end":{"line":null,"column":-1}},"10":{"start":{"line":58,"column":0},"end":{"line":null,"column":-1}},"11":{"start":{"line":60,"column":0},"end":{"line":null,"column":-1}},"12":{"start":{"line":63,"column":0},"end":{"line":null,"column":-1}},"13":{"start":{"line":42,"column":0},"end":{"line":65,"column":0}},"14":{"start":{"line":65,"column":0},"end":{"line":null,"column":-1}},"15":{"start":{"line":69,"column":0},"end":{"line":null,"column":-1}},"16":{"start":{"line":70,"column":0},"end":{"line":null,"column":-1}},"17":{"start":{"line":72,"column":0},"end":{"line":null,"column":-1}},"18":{"start":{"line":75,"column":0},"end":{"line":null,"column":-1}},"19":{"start":{"line":77,"column":0},"end":{"line":null,"column":-1}}},"fnMap":{"0":{"name":"mounted","decl":{"start":{"line":29,"column":0},"end":{"line":null,"column":-1}},"loc":{"start":{"line":29,"column":0},"end":{"line":31,"column":0}}},"1":{"name":"data","decl":{"start":{"line":32,"column":0},"end":{"line":null,"column":-1}},"loc":{"start":{"line":32,"column":0},"end":{"line":41,"column":0}}},"2":{"name":"(anonymous_3)","decl":{"start":{"line":43,"column":0},"end":{"line":null,"column":-1}},"loc":{"start":{"line":43,"column":0},"end":{"line":42,"column":0}}},"3":{"name":"_callee","decl":{"start":{"line":42,"column":0},"end":{"line":null,"column":-1}},"loc":{"start":{"line":42,"column":0},"end":{"line":null,"column":-1}}},"4":{"name":"(anonymous_7)","decl":{"start":{"line":52,"column":0},"end":{"line":null,"column":-1}},"loc":{"start":{"line":52,"column":0},"end":{"line":42,"column":0}}},"5":{"name":"editTodo","decl":{"start":{"line":56,"column":0},"end":{"line":null,"column":-1}},"loc":{"start":{"line":56,"column":0},"end":{"line":61,"column":0}}},"6":{"name":"(anonymous_12)","decl":{"start":{"line":62,"column":0},"end":{"line":null,"column":-1}},"loc":{"start":{"line":62,"column":0},"end":{"line":42,"column":0}}},"7":{"name":"(anonymous_16)","decl":{"start":{"line":74,"column":0},"end":{"line":null,"column":-1}},"loc":{"start":{"line":74,"column":0},"end":{"line":42,"column":0}}}},"branchMap":{"0":{"loc":{"start":{"line":42,"column":0},"end":{"line":44,"column":0}},"type":"switch","locations":[{"start":{"line":42,"column":0},"end":{"line":44,"column":0}},{"start":{"line":42,"column":0},"end":{"line":50,"column":0}},{"start":{"line":42,"column":0},"end":{"line":null,"column":-1}},{"start":{"line":42,"column":0},"end":{"line":null,"column":-1}}]},"1":{"loc":{"start":{"line":42,"column":0},"end":{"line":null,"column":-1}},"type":"switch","locations":[{"start":{"line":42,"column":0},"end":{"line":null,"column":-1}},{"start":{"line":42,"column":0},"end":{"line":54,"column":0}},{"start":{"line":42,"column":0},"end":{"line":null,"column":-1}},{"start":{"line":42,"column":0},"end":{"line":null,"column":-1}}]},"2":{"loc":{"start":{"line":42,"column":0},"end":{"line":65,"column":0}},"type":"switch","locations":[{"start":{"line":42,"column":0},"end":{"line":65,"column":0}},{"start":{"line":42,"column":0},"end":{"line":72,"column":0}},{"start":{"line":42,"column":0},"end":{"line":null,"column":-1}},{"start":{"line":42,"column":0},"end":{"line":null,"column":-1}}]},"3":{"loc":{"start":{"line":42,"column":0},"end":{"line":null,"column":-1}},"type":"switch","locations":[{"start":{"line":42,"column":0},"end":{"line":null,"column":-1}},{"start":{"line":42,"column":0},"end":{"line":77,"column":0}},{"start":{"line":42,"column":0},"end":{"line":null,"column":-1}},{"start":{"line":42,"column":0},"end":{"line":null,"column":-1}}]}},"s":{"0":1,"1":4,"2":4,"3":75,"4":1,"5":1,"6":1,"7":1,"8":1,"9":1,"10":1,"11":1,"12":1,"13":1,"14":1,"15":1,"16":1,"17":1,"18":4,"19":4},"f":{"0":4,"1":4,"2":1,"3":28,"4":1,"5":1,"6":1,"7":1},"b":{"0":[1,1,1,1],"1":[1,1,1,1],"2":[1,1,1,1],"3":[4,4,4,4]}}
}
