TN:
SF:/Users/andeladeveloper/Code/Vue/testing-vue-apps/src/App.vue
FN:29,mounted
FN:32,data
FN:43,(anonymous_3)
FN:42,_callee
FN:52,(anonymous_7)
FN:56,editTodo
FN:62,(anonymous_12)
FN:74,(anonymous_16)
FNF:8
FNH:8
FNDA:4,mounted
FNDA:4,data
FNDA:1,(anonymous_3)
FNDA:28,_callee
FNDA:1,(anonymous_7)
FNDA:1,editTodo
FNDA:1,(anonymous_12)
FNDA:1,(anonymous_16)
DA:25,1
DA:30,4
DA:33,4
DA:42,75
DA:44,1
DA:48,1
DA:50,1
DA:54,1
DA:57,1
DA:58,1
DA:60,1
DA:63,1
DA:65,1
DA:69,1
DA:70,1
DA:72,1
DA:75,4
DA:77,4
LF:18
LH:18
BRDA:42,0,0,1
BRDA:42,0,1,1
BRDA:42,0,2,1
BRDA:42,0,3,1
BRDA:42,1,0,1
BRDA:42,1,1,1
BRDA:42,1,2,1
BRDA:42,1,3,1
BRDA:42,2,0,1
BRDA:42,2,1,1
BRDA:42,2,2,1
BRDA:42,2,3,1
BRDA:42,3,0,4
BRDA:42,3,1,4
BRDA:42,3,2,4
BRDA:42,3,3,4
BRF:16
BRH:16
end_of_record
